<?xml version="1.0" encoding="UTF-8"?>
<testsuite xmlns:xsi="http://www.w3.org/2001/XMLSchema-instance" xsi:noNamespaceSchemaLocation="https://maven.apache.org/surefire/maven-surefire-plugin/xsd/surefire-test-report-3.0.xsd" version="3.0" name="UserServiceTest" time="1.2" tests="6" errors="0" skipped="0" failures="0">
  <properties>
[...]
</properties>
  <testcase name="saveUser" classname="UserServiceTest" time="1.035">
    <system-out><![CDATA[Hibernate: DROP TABLE IF EXISTS users
Таблица users удалена или не существовала
Hibernate: CREATE TABLE IF NOT EXISTS users (id BIGINT NOT NULL AUTO_INCREMENT PRIMARY KEY, name VARCHAR(50) NOT NULL, last_name VARCHAR(50) NOT NULL, age TINYINT NOT NULL) ENGINE=InnoDB DEFAULT CHARSET=utf8mb4
Таблица users создана или уже существует
Hibernate: insert into users (age, last_name, name) values (?, ?, ?)
User с именем Ivan добавлен в базу данных
Hibernate: select user0_.id as id1_0_, user0_.age as age2_0_, user0_.last_name as last_nam3_0_, user0_.name as name4_0_ from users user0_
]]></system-out>
    <system-err><![CDATA[апр. 05, 2026 12:27:56 AM org.hibernate.Version logVersion
INFO: HHH000412: Hibernate ORM core version 5.6.15.Final
апр. 05, 2026 12:27:56 AM org.hibernate.annotations.common.reflection.java.JavaReflectionManager <clinit>
INFO: HCANN000001: Hibernate Commons Annotations {5.1.2.Final}
апр. 05, 2026 12:27:56 AM org.hibernate.engine.jdbc.connections.internal.DriverManagerConnectionProviderImpl configure
WARN: HHH10001002: Using Hibernate built-in connection pool (not for production use!)
апр. 05, 2026 12:27:56 AM org.hibernate.engine.jdbc.connections.internal.DriverManagerConnectionProviderImpl buildCreator
INFO: HHH10001005: using driver [com.mysql.cj.jdbc.Driver] at URL [jdbc:mysql://localhost:3306/mydb?useSSL=false&serverTimezone=UTC&useUnicode=true&characterEncoding=UTF-8]
апр. 05, 2026 12:27:56 AM org.hibernate.engine.jdbc.connections.internal.DriverManagerConnectionProviderImpl buildCreator
INFO: HHH10001001: Connection properties: {password=****, useUnicode=true, characterEncoding=UTF-8, user=root}
апр. 05, 2026 12:27:56 AM org.hibernate.engine.jdbc.connections.internal.DriverManagerConnectionProviderImpl buildCreator
INFO: HHH10001003: Autocommit mode: false
апр. 05, 2026 12:27:56 AM org.hibernate.engine.jdbc.connections.internal.DriverManagerConnectionProviderImpl$PooledConnections <init>
INFO: HHH000115: Hibernate connection pool size: 20 (min=1)
апр. 05, 2026 12:27:56 AM org.hibernate.dialect.Dialect <init>
INFO: HHH000400: Using dialect: org.hibernate.dialect.MySQL8Dialect
]]></system-err>
  </testcase>
  <testcase name="removeUserById" classname="UserServiceTest" time="0.044">
    <system-out><![CDATA[Hibernate: DROP TABLE IF EXISTS users
Таблица users удалена или не существовала
Hibernate: CREATE TABLE IF NOT EXISTS users (id BIGINT NOT NULL AUTO_INCREMENT PRIMARY KEY, name VARCHAR(50) NOT NULL, last_name VARCHAR(50) NOT NULL, age TINYINT NOT NULL) ENGINE=InnoDB DEFAULT CHARSET=utf8mb4
Таблица users создана или уже существует
Hibernate: insert into users (age, last_name, name) values (?, ?, ?)
User с именем Ivan добавлен в базу данных
Hibernate: select user0_.id as id1_0_0_, user0_.age as age2_0_0_, user0_.last_name as last_nam3_0_0_, user0_.name as name4_0_0_ from users user0_ where user0_.id=?
User с id 1 удален
Hibernate: delete from users where id=?
]]></system-out>
  </testcase>
  <testcase name="getAllUsers" classname="UserServiceTest" time="0.029">
    <system-out><![CDATA[Hibernate: DROP TABLE IF EXISTS users
Таблица users удалена или не существовала
Hibernate: CREATE TABLE IF NOT EXISTS users (id BIGINT NOT NULL AUTO_INCREMENT PRIMARY KEY, name VARCHAR(50) NOT NULL, last_name VARCHAR(50) NOT NULL, age TINYINT NOT NULL) ENGINE=InnoDB DEFAULT CHARSET=utf8mb4
Таблица users создана или уже существует
Hibernate: insert into users (age, last_name, name) values (?, ?, ?)
User с именем Ivan добавлен в базу данных
Hibernate: select user0_.id as id1_0_, user0_.age as age2_0_, user0_.last_name as last_nam3_0_, user0_.name as name4_0_ from users user0_
]]></system-out>
  </testcase>
  <testcase name="dropUsersTable" classname="UserServiceTest" time="0.015">
    <system-out><![CDATA[Hibernate: DROP TABLE IF EXISTS users
Таблица users удалена или не существовала
Hibernate: DROP TABLE IF EXISTS users
Таблица users удалена или не существовала
]]></system-out>
  </testcase>
  <testcase name="createUsersTable" classname="UserServiceTest" time="0.015">
    <system-out><![CDATA[Hibernate: DROP TABLE IF EXISTS users
Таблица users удалена или не существовала
Hibernate: CREATE TABLE IF NOT EXISTS users (id BIGINT NOT NULL AUTO_INCREMENT PRIMARY KEY, name VARCHAR(50) NOT NULL, last_name VARCHAR(50) NOT NULL, age TINYINT NOT NULL) ENGINE=InnoDB DEFAULT CHARSET=utf8mb4
Таблица users создана или уже существует
]]></system-out>
  </testcase>
  <testcase name="cleanUsersTable" classname="UserServiceTest" time="0.032">
    <system-out><![CDATA[Hibernate: DROP TABLE IF EXISTS users
Таблица users удалена или не существовала
Hibernate: CREATE TABLE IF NOT EXISTS users (id BIGINT NOT NULL AUTO_INCREMENT PRIMARY KEY, name VARCHAR(50) NOT NULL, last_name VARCHAR(50) NOT NULL, age TINYINT NOT NULL) ENGINE=InnoDB DEFAULT CHARSET=utf8mb4
Таблица users создана или уже существует
Hibernate: insert into users (age, last_name, name) values (?, ?, ?)
User с именем Ivan добавлен в базу данных
Hibernate: delete from users
Таблица users очищена
Hibernate: select user0_.id as id1_0_, user0_.age as age2_0_, user0_.last_name as last_nam3_0_, user0_.name as name4_0_ from users user0_
]]></system-out>
  </testcase>
</testsuite>